<?xml version="1.0" encoding="UTF-8"?>
<testsuite xmlns:xsi="http://www.w3.org/2001/XMLSchema-instance" xsi:noNamespaceSchemaLocation="https://maven.apache.org/surefire/maven-surefire-plugin/xsd/surefire-test-report.xsd" name="handler.AppTest" time="0.016" tests="1" errors="0" skipped="0" failures="0">
  <properties>
    <property name="gopherProxySet" value="false"/>
    <property name="awt.toolkit" value="sun.lwawt.macosx.LWCToolkit"/>
    <property name="file.encoding.pkg" value="sun.io"/>
    <property name="java.specification.version" value="1.8"/>
    <property name="sun.cpu.isalist" value=""/>
    <property name="sun.jnu.encoding" value="UTF-8"/>
    <property name="java.class.path" value="/Users/omarelhachimi/Desktop/Workplace/calculateThumb/target/test-classes:/Users/omarelhachimi/Desktop/Workplace/calculateThumb/target/classes:/Users/omarelhachimi/.m2/repository/com/google/code/gson/gson/2.10.1/gson-2.10.1.jar:/Users/omarelhachimi/.m2/repository/software/amazon/awssdk/s3/2.20.104/s3-2.20.104.jar:/Users/omarelhachimi/.m2/repository/software/amazon/awssdk/aws-xml-protocol/2.20.104/aws-xml-protocol-2.20.104.jar:/Users/omarelhachimi/.m2/repository/software/amazon/awssdk/aws-query-protocol/2.20.104/aws-query-protocol-2.20.104.jar:/Users/omarelhachimi/.m2/repository/software/amazon/awssdk/protocol-core/2.20.104/protocol-core-2.20.104.jar:/Users/omarelhachimi/.m2/repository/software/amazon/awssdk/arns/2.20.104/arns-2.20.104.jar:/Users/omarelhachimi/.m2/repository/software/amazon/awssdk/profiles/2.20.104/profiles-2.20.104.jar:/Users/omarelhachimi/.m2/repository/software/amazon/awssdk/crt-core/2.20.104/crt-core-2.20.104.jar:/Users/omarelhachimi/.m2/repository/software/amazon/awssdk/sdk-core/2.20.104/sdk-core-2.20.104.jar:/Users/omarelhachimi/.m2/repository/org/slf4j/slf4j-api/1.7.30/slf4j-api-1.7.30.jar:/Users/omarelhachimi/.m2/repository/org/reactivestreams/reactive-streams/1.0.3/reactive-streams-1.0.3.jar:/Users/omarelhachimi/.m2/repository/software/amazon/awssdk/auth/2.20.104/auth-2.20.104.jar:/Users/omarelhachimi/.m2/repository/software/amazon/eventstream/eventstream/1.0.1/eventstream-1.0.1.jar:/Users/omarelhachimi/.m2/repository/software/amazon/awssdk/http-client-spi/2.20.104/http-client-spi-2.20.104.jar:/Users/omarelhachimi/.m2/repository/software/amazon/awssdk/regions/2.20.104/regions-2.20.104.jar:/Users/omarelhachimi/.m2/repository/software/amazon/awssdk/annotations/2.20.104/annotations-2.20.104.jar:/Users/omarelhachimi/.m2/repository/software/amazon/awssdk/utils/2.20.104/utils-2.20.104.jar:/Users/omarelhachimi/.m2/repository/software/amazon/awssdk/aws-core/2.20.104/aws-core-2.20.104.jar:/Users/omarelhachimi/.m2/repository/software/amazon/awssdk/metrics-spi/2.20.104/metrics-spi-2.20.104.jar:/Users/omarelhachimi/.m2/repository/software/amazon/awssdk/json-utils/2.20.104/json-utils-2.20.104.jar:/Users/omarelhachimi/.m2/repository/software/amazon/awssdk/third-party-jackson-core/2.20.104/third-party-jackson-core-2.20.104.jar:/Users/omarelhachimi/.m2/repository/software/amazon/awssdk/endpoints-spi/2.20.104/endpoints-spi-2.20.104.jar:/Users/omarelhachimi/.m2/repository/software/amazon/awssdk/apache-client/2.20.104/apache-client-2.20.104.jar:/Users/omarelhachimi/.m2/repository/org/apache/httpcomponents/httpclient/4.5.13/httpclient-4.5.13.jar:/Users/omarelhachimi/.m2/repository/commons-logging/commons-logging/1.2/commons-logging-1.2.jar:/Users/omarelhachimi/.m2/repository/org/apache/httpcomponents/httpcore/4.4.13/httpcore-4.4.13.jar:/Users/omarelhachimi/.m2/repository/commons-codec/commons-codec/1.15/commons-codec-1.15.jar:/Users/omarelhachimi/.m2/repository/software/amazon/awssdk/netty-nio-client/2.20.104/netty-nio-client-2.20.104.jar:/Users/omarelhachimi/.m2/repository/io/netty/netty-codec-http/4.1.94.Final/netty-codec-http-4.1.94.Final.jar:/Users/omarelhachimi/.m2/repository/io/netty/netty-codec-http2/4.1.94.Final/netty-codec-http2-4.1.94.Final.jar:/Users/omarelhachimi/.m2/repository/io/netty/netty-codec/4.1.94.Final/netty-codec-4.1.94.Final.jar:/Users/omarelhachimi/.m2/repository/io/netty/netty-transport/4.1.94.Final/netty-transport-4.1.94.Final.jar:/Users/omarelhachimi/.m2/repository/io/netty/netty-common/4.1.94.Final/netty-common-4.1.94.Final.jar:/Users/omarelhachimi/.m2/repository/io/netty/netty-buffer/4.1.94.Final/netty-buffer-4.1.94.Final.jar:/Users/omarelhachimi/.m2/repository/io/netty/netty-handler/4.1.94.Final/netty-handler-4.1.94.Final.jar:/Users/omarelhachimi/.m2/repository/io/netty/netty-transport-native-unix-common/4.1.94.Final/netty-transport-native-unix-common-4.1.94.Final.jar:/Users/omarelhachimi/.m2/repository/io/netty/netty-transport-classes-epoll/4.1.94.Final/netty-transport-classes-epoll-4.1.94.Final.jar:/Users/omarelhachimi/.m2/repository/io/netty/netty-resolver/4.1.94.Final/netty-resolver-4.1.94.Final.jar:/Users/omarelhachimi/.m2/repository/com/amazonaws/aws-lambda-java-core/1.2.1/aws-lambda-java-core-1.2.1.jar:/Users/omarelhachimi/.m2/repository/com/amazonaws/aws-lambda-java-events/3.10.0/aws-lambda-java-events-3.10.0.jar:/Users/omarelhachimi/.m2/repository/joda-time/joda-time/2.6/joda-time-2.6.jar:/Users/omarelhachimi/.m2/repository/junit/junit/4.11/junit-4.11.jar:/Users/omarelhachimi/.m2/repository/org/hamcrest/hamcrest-core/1.3/hamcrest-core-1.3.jar:"/>
    <property name="java.vm.vendor" value="Azul Systems, Inc."/>
    <property name="sun.arch.data.model" value="64"/>
    <property name="java.vendor.url" value="http://www.azulsystems.com/"/>
    <property name="user.timezone" value=""/>
    <property name="java.vm.specification.version" value="1.8"/>
    <property name="os.name" value="Mac OS X"/>
    <property name="user.country" value="FR"/>
    <property name="sun.java.launcher" value="SUN_STANDARD"/>
    <property name="sun.boot.library.path" value="/Users/omarelhachimi/.sdkman/candidates/java/current/jre/lib"/>
    <property name="sun.java.command" value="/Users/omarelhachimi/Desktop/Workplace/calculateThumb/target/surefire/surefirebooter4728094314875640374.jar /Users/omarelhachimi/Desktop/Workplace/calculateThumb/target/surefire 2023-07-19T12-43-22_144-jvmRun1 surefire1578648576058103188tmp surefire_04879775224866704635tmp"/>
    <property name="http.nonProxyHosts" value="local|*.local|169.254/16|*.169.254/16"/>
    <property name="surefire.test.class.path" value="/Users/omarelhachimi/Desktop/Workplace/calculateThumb/target/test-classes:/Users/omarelhachimi/Desktop/Workplace/calculateThumb/target/classes:/Users/omarelhachimi/.m2/repository/com/google/code/gson/gson/2.10.1/gson-2.10.1.jar:/Users/omarelhachimi/.m2/repository/software/amazon/awssdk/s3/2.20.104/s3-2.20.104.jar:/Users/omarelhachimi/.m2/repository/software/amazon/awssdk/aws-xml-protocol/2.20.104/aws-xml-protocol-2.20.104.jar:/Users/omarelhachimi/.m2/repository/software/amazon/awssdk/aws-query-protocol/2.20.104/aws-query-protocol-2.20.104.jar:/Users/omarelhachimi/.m2/repository/software/amazon/awssdk/protocol-core/2.20.104/protocol-core-2.20.104.jar:/Users/omarelhachimi/.m2/repository/software/amazon/awssdk/arns/2.20.104/arns-2.20.104.jar:/Users/omarelhachimi/.m2/repository/software/amazon/awssdk/profiles/2.20.104/profiles-2.20.104.jar:/Users/omarelhachimi/.m2/repository/software/amazon/awssdk/crt-core/2.20.104/crt-core-2.20.104.jar:/Users/omarelhachimi/.m2/repository/software/amazon/awssdk/sdk-core/2.20.104/sdk-core-2.20.104.jar:/Users/omarelhachimi/.m2/repository/org/slf4j/slf4j-api/1.7.30/slf4j-api-1.7.30.jar:/Users/omarelhachimi/.m2/repository/org/reactivestreams/reactive-streams/1.0.3/reactive-streams-1.0.3.jar:/Users/omarelhachimi/.m2/repository/software/amazon/awssdk/auth/2.20.104/auth-2.20.104.jar:/Users/omarelhachimi/.m2/repository/software/amazon/eventstream/eventstream/1.0.1/eventstream-1.0.1.jar:/Users/omarelhachimi/.m2/repository/software/amazon/awssdk/http-client-spi/2.20.104/http-client-spi-2.20.104.jar:/Users/omarelhachimi/.m2/repository/software/amazon/awssdk/regions/2.20.104/regions-2.20.104.jar:/Users/omarelhachimi/.m2/repository/software/amazon/awssdk/annotations/2.20.104/annotations-2.20.104.jar:/Users/omarelhachimi/.m2/repository/software/amazon/awssdk/utils/2.20.104/utils-2.20.104.jar:/Users/omarelhachimi/.m2/repository/software/amazon/awssdk/aws-core/2.20.104/aws-core-2.20.104.jar:/Users/omarelhachimi/.m2/repository/software/amazon/awssdk/metrics-spi/2.20.104/metrics-spi-2.20.104.jar:/Users/omarelhachimi/.m2/repository/software/amazon/awssdk/json-utils/2.20.104/json-utils-2.20.104.jar:/Users/omarelhachimi/.m2/repository/software/amazon/awssdk/third-party-jackson-core/2.20.104/third-party-jackson-core-2.20.104.jar:/Users/omarelhachimi/.m2/repository/software/amazon/awssdk/endpoints-spi/2.20.104/endpoints-spi-2.20.104.jar:/Users/omarelhachimi/.m2/repository/software/amazon/awssdk/apache-client/2.20.104/apache-client-2.20.104.jar:/Users/omarelhachimi/.m2/repository/org/apache/httpcomponents/httpclient/4.5.13/httpclient-4.5.13.jar:/Users/omarelhachimi/.m2/repository/commons-logging/commons-logging/1.2/commons-logging-1.2.jar:/Users/omarelhachimi/.m2/repository/org/apache/httpcomponents/httpcore/4.4.13/httpcore-4.4.13.jar:/Users/omarelhachimi/.m2/repository/commons-codec/commons-codec/1.15/commons-codec-1.15.jar:/Users/omarelhachimi/.m2/repository/software/amazon/awssdk/netty-nio-client/2.20.104/netty-nio-client-2.20.104.jar:/Users/omarelhachimi/.m2/repository/io/netty/netty-codec-http/4.1.94.Final/netty-codec-http-4.1.94.Final.jar:/Users/omarelhachimi/.m2/repository/io/netty/netty-codec-http2/4.1.94.Final/netty-codec-http2-4.1.94.Final.jar:/Users/omarelhachimi/.m2/repository/io/netty/netty-codec/4.1.94.Final/netty-codec-4.1.94.Final.jar:/Users/omarelhachimi/.m2/repository/io/netty/netty-transport/4.1.94.Final/netty-transport-4.1.94.Final.jar:/Users/omarelhachimi/.m2/repository/io/netty/netty-common/4.1.94.Final/netty-common-4.1.94.Final.jar:/Users/omarelhachimi/.m2/repository/io/netty/netty-buffer/4.1.94.Final/netty-buffer-4.1.94.Final.jar:/Users/omarelhachimi/.m2/repository/io/netty/netty-handler/4.1.94.Final/netty-handler-4.1.94.Final.jar:/Users/omarelhachimi/.m2/repository/io/netty/netty-transport-native-unix-common/4.1.94.Final/netty-transport-native-unix-common-4.1.94.Final.jar:/Users/omarelhachimi/.m2/repository/io/netty/netty-transport-classes-epoll/4.1.94.Final/netty-transport-classes-epoll-4.1.94.Final.jar:/Users/omarelhachimi/.m2/repository/io/netty/netty-resolver/4.1.94.Final/netty-resolver-4.1.94.Final.jar:/Users/omarelhachimi/.m2/repository/com/amazonaws/aws-lambda-java-core/1.2.1/aws-lambda-java-core-1.2.1.jar:/Users/omarelhachimi/.m2/repository/com/amazonaws/aws-lambda-java-events/3.10.0/aws-lambda-java-events-3.10.0.jar:/Users/omarelhachimi/.m2/repository/joda-time/joda-time/2.6/joda-time-2.6.jar:/Users/omarelhachimi/.m2/repository/junit/junit/4.11/junit-4.11.jar:/Users/omarelhachimi/.m2/repository/org/hamcrest/hamcrest-core/1.3/hamcrest-core-1.3.jar:"/>
    <property name="sun.cpu.endian" value="little"/>
    <property name="user.home" value="/Users/omarelhachimi"/>
    <property name="user.language" value="en"/>
    <property name="java.specification.vendor" value="Oracle Corporation"/>
    <property name="java.home" value="/Users/omarelhachimi/.sdkman/candidates/java/current/jre"/>
    <property name="basedir" value="/Users/omarelhachimi/Desktop/Workplace/calculateThumb"/>
    <property name="file.separator" value="/"/>
    <property name="line.separator" value="&#10;"/>
    <property name="jdk.vendor.version" value="Zulu 8.54.0.21-CA-macos-aarch64"/>
    <property name="java.vm.specification.vendor" value="Oracle Corporation"/>
    <property name="java.specification.name" value="Java Platform API Specification"/>
    <property name="java.awt.graphicsenv" value="sun.awt.CGraphicsEnvironment"/>
    <property name="surefire.real.class.path" value="/Users/omarelhachimi/Desktop/Workplace/calculateThumb/target/surefire/surefirebooter4728094314875640374.jar"/>
    <property name="sun.boot.class.path" value="/Users/omarelhachimi/.sdkman/candidates/java/current/jre/lib/resources.jar:/Users/omarelhachimi/.sdkman/candidates/java/current/jre/lib/rt.jar:/Users/omarelhachimi/.sdkman/candidates/java/current/jre/lib/sunrsasign.jar:/Users/omarelhachimi/.sdkman/candidates/java/current/jre/lib/jsse.jar:/Users/omarelhachimi/.sdkman/candidates/java/current/jre/lib/jce.jar:/Users/omarelhachimi/.sdkman/candidates/java/current/jre/lib/charsets.jar:/Users/omarelhachimi/.sdkman/candidates/java/current/jre/lib/jfr.jar:/Users/omarelhachimi/.sdkman/candidates/java/current/jre/classes"/>
    <property name="sun.management.compiler" value="HotSpot 64-Bit Tiered Compilers"/>
    <property name="ftp.nonProxyHosts" value="local|*.local|169.254/16|*.169.254/16"/>
    <property name="java.runtime.version" value="1.8.0_292-b10"/>
    <property name="user.name" value="omarelhachimi"/>
    <property name="path.separator" value=":"/>
    <property name="os.version" value="13.3.1"/>
    <property name="java.endorsed.dirs" value="/Users/omarelhachimi/.sdkman/candidates/java/current/jre/lib/endorsed"/>
    <property name="java.runtime.name" value="OpenJDK Runtime Environment"/>
    <property name="file.encoding" value="UTF-8"/>
    <property name="java.vm.name" value="OpenJDK 64-Bit Server VM"/>
    <property name="localRepository" value="/Users/omarelhachimi/.m2/repository"/>
    <property name="java.vendor.url.bug" value="http://www.azulsystems.com/support/"/>
    <property name="java.io.tmpdir" value="/var/folders/9l/kxvf97jj66507wbfrxjy8j4w0000gn/T/"/>
    <property name="java.version" value="1.8.0_292"/>
    <property name="user.dir" value="/Users/omarelhachimi/Desktop/Workplace/calculateThumb"/>
    <property name="os.arch" value="aarch64"/>
    <property name="java.vm.specification.name" value="Java Virtual Machine Specification"/>
    <property name="java.awt.printerjob" value="sun.lwawt.macosx.CPrinterJob"/>
    <property name="sun.os.patch.level" value="unknown"/>
    <property name="java.library.path" value="/Users/omarelhachimi/Library/Java/Extensions:/Library/Java/Extensions:/Network/Library/Java/Extensions:/System/Library/Java/Extensions:/usr/lib/java:."/>
    <property name="java.vm.info" value="mixed mode"/>
    <property name="java.vendor" value="Azul Systems, Inc."/>
    <property name="java.vm.version" value="25.292-b10"/>
    <property name="java.ext.dirs" value="/Users/omarelhachimi/Library/Java/Extensions:/Users/omarelhachimi/.sdkman/candidates/java/current/jre/lib/ext:/Library/Java/Extensions:/Network/Library/Java/Extensions:/System/Library/Java/Extensions:/usr/lib/java"/>
    <property name="sun.io.unicode.encoding" value="UnicodeBig"/>
    <property name="java.class.version" value="52.0"/>
    <property name="socksNonProxyHosts" value="local|*.local|169.254/16|*.169.254/16"/>
  </properties>
  <testcase name="shouldAnswerWithTrue" classname="handler.AppTest" time="0"/>
</testsuite>